[0.357s] DEBUG:colcon:Command line arguments: ['/home/truan/.local/bin/colcon', 'graph']
[0.357s] DEBUG:colcon:Parsed command line arguments: Namespace(base_paths=['.'], build_base='build', density=False, dot=False, dot_cluster=False, dot_include_skipped=False, ignore_user_meta=False, legend=False, log_base=None, log_level=None, main=<bound method GraphVerb.main of <colcon_package_information.verb.graph.GraphVerb object at 0x7f9ec971d490>>, metas=['./colcon.meta'], packages_above=None, packages_above_and_dependencies=None, packages_above_depth=None, packages_end=None, packages_ignore=None, packages_ignore_regex=None, packages_select=None, packages_select_build_failed=False, packages_select_by_dep=None, packages_select_regex=None, packages_select_test_failures=False, packages_skip=None, packages_skip_build_finished=False, packages_skip_by_dep=None, packages_skip_regex=None, packages_skip_test_passed=False, packages_skip_up_to=None, packages_start=None, packages_up_to=None, packages_up_to_regex=None, paths=None, verb_extension=<colcon_package_information.verb.graph.GraphVerb object at 0x7f9ec971d490>, verb_name='graph', verb_parser=<colcon_defaults.argument_parser.defaults.DefaultArgumentsDecorator object at 0x7f9ec9573fa0>)
[0.504s] Level 1:colcon.colcon_core.package_discovery:discover_packages(colcon_meta) check parameters
[0.504s] Level 1:colcon.colcon_core.package_discovery:discover_packages(recursive) check parameters
[0.505s] Level 1:colcon.colcon_core.package_discovery:discover_packages(ignore) check parameters
[0.505s] Level 1:colcon.colcon_core.package_discovery:discover_packages(path) check parameters
[0.505s] Level 1:colcon.colcon_core.package_discovery:discover_packages(colcon_meta) discover
[0.505s] Level 1:colcon.colcon_core.package_discovery:discover_packages(recursive) discover
[0.505s] INFO:colcon.colcon_core.package_discovery:Crawling recursively for packages in '/home/truan/Object-Detection/simulation/catkin_ws'
[0.505s] Level 1:colcon.colcon_core.package_identification:_identify(.) by extensions ['ignore', 'ignore_ament_install']
[0.505s] Level 1:colcon.colcon_core.package_identification:_identify(.) by extension 'ignore'
[0.505s] Level 1:colcon.colcon_core.package_identification:_identify(.) by extension 'ignore_ament_install'
[0.505s] Level 1:colcon.colcon_core.package_identification:_identify(.) by extensions ['colcon_pkg']
[0.505s] Level 1:colcon.colcon_core.package_identification:_identify(.) by extension 'colcon_pkg'
[0.505s] Level 1:colcon.colcon_core.package_identification:_identify(.) by extensions ['colcon_meta']
[0.505s] Level 1:colcon.colcon_core.package_identification:_identify(.) by extension 'colcon_meta'
[0.505s] Level 1:colcon.colcon_core.package_identification:_identify(.) by extensions ['ros']
[0.505s] Level 1:colcon.colcon_core.package_identification:_identify(.) by extension 'ros'
[0.522s] Level 1:colcon.colcon_core.package_identification:_identify(.) by extensions ['cmake', 'python']
[0.522s] Level 1:colcon.colcon_core.package_identification:_identify(.) by extension 'cmake'
[0.522s] Level 1:colcon.colcon_core.package_identification:_identify(.) by extension 'python'
[0.522s] Level 1:colcon.colcon_core.package_identification:_identify(.) by extensions ['python_setup_py']
[0.522s] Level 1:colcon.colcon_core.package_identification:_identify(.) by extension 'python_setup_py'
[0.523s] Level 1:colcon.colcon_core.package_identification:_identify(build) by extensions ['ignore', 'ignore_ament_install']
[0.523s] Level 1:colcon.colcon_core.package_identification:_identify(build) by extension 'ignore'
[0.523s] Level 1:colcon.colcon_core.package_identification:_identify(build) by extension 'ignore_ament_install'
[0.523s] Level 1:colcon.colcon_core.package_identification:_identify(build) by extensions ['colcon_pkg']
[0.523s] Level 1:colcon.colcon_core.package_identification:_identify(build) by extension 'colcon_pkg'
[0.523s] Level 1:colcon.colcon_core.package_identification:_identify(build) by extensions ['colcon_meta']
[0.523s] Level 1:colcon.colcon_core.package_identification:_identify(build) by extension 'colcon_meta'
[0.523s] Level 1:colcon.colcon_core.package_identification:_identify(build) by extensions ['ros']
[0.523s] Level 1:colcon.colcon_core.package_identification:_identify(build) by extension 'ros'
[0.523s] Level 1:colcon.colcon_core.package_identification:_identify(build) ignored
[0.523s] Level 1:colcon.colcon_core.package_identification:_identify(devel) by extensions ['ignore', 'ignore_ament_install']
[0.523s] Level 1:colcon.colcon_core.package_identification:_identify(devel) by extension 'ignore'
[0.523s] Level 1:colcon.colcon_core.package_identification:_identify(devel) by extension 'ignore_ament_install'
[0.523s] Level 1:colcon.colcon_core.package_identification:_identify(devel) ignored
[0.523s] Level 1:colcon.colcon_core.package_identification:_identify(log) by extensions ['ignore', 'ignore_ament_install']
[0.523s] Level 1:colcon.colcon_core.package_identification:_identify(log) by extension 'ignore'
[0.523s] Level 1:colcon.colcon_core.package_identification:_identify(log) ignored
[0.525s] Level 1:colcon.colcon_core.package_identification:_identify(src) by extensions ['ignore', 'ignore_ament_install']
[0.525s] Level 1:colcon.colcon_core.package_identification:_identify(src) by extension 'ignore'
[0.525s] Level 1:colcon.colcon_core.package_identification:_identify(src) by extension 'ignore_ament_install'
[0.525s] Level 1:colcon.colcon_core.package_identification:_identify(src) by extensions ['colcon_pkg']
[0.525s] Level 1:colcon.colcon_core.package_identification:_identify(src) by extension 'colcon_pkg'
[0.525s] Level 1:colcon.colcon_core.package_identification:_identify(src) by extensions ['colcon_meta']
[0.525s] Level 1:colcon.colcon_core.package_identification:_identify(src) by extension 'colcon_meta'
[0.525s] Level 1:colcon.colcon_core.package_identification:_identify(src) by extensions ['ros']
[0.525s] Level 1:colcon.colcon_core.package_identification:_identify(src) by extension 'ros'
[0.525s] Level 1:colcon.colcon_core.package_identification:_identify(src) by extensions ['cmake', 'python']
[0.525s] Level 1:colcon.colcon_core.package_identification:_identify(src) by extension 'cmake'
[0.810s] WARNING:colcon.colcon_cmake.package_identification.cmake:Ignoring 'src/CMakeLists.txt' since it seems to be a toplevel CMake file generated by 'catkin_make'
[0.810s] Level 1:colcon.colcon_core.package_identification:_identify(src) by extension 'python'
[0.810s] Level 1:colcon.colcon_core.package_identification:_identify(src) by extensions ['python_setup_py']
[0.810s] Level 1:colcon.colcon_core.package_identification:_identify(src) by extension 'python_setup_py'
[0.811s] Level 1:colcon.colcon_core.package_identification:_identify(src/gazebo_sim) by extensions ['ignore', 'ignore_ament_install']
[0.811s] Level 1:colcon.colcon_core.package_identification:_identify(src/gazebo_sim) by extension 'ignore'
[0.811s] Level 1:colcon.colcon_core.package_identification:_identify(src/gazebo_sim) by extension 'ignore_ament_install'
[0.811s] Level 1:colcon.colcon_core.package_identification:_identify(src/gazebo_sim) by extensions ['colcon_pkg']
[0.811s] Level 1:colcon.colcon_core.package_identification:_identify(src/gazebo_sim) by extension 'colcon_pkg'
[0.811s] Level 1:colcon.colcon_core.package_identification:_identify(src/gazebo_sim) by extensions ['colcon_meta']
[0.811s] Level 1:colcon.colcon_core.package_identification:_identify(src/gazebo_sim) by extension 'colcon_meta'
[0.811s] Level 1:colcon.colcon_core.package_identification:_identify(src/gazebo_sim) by extensions ['ros']
[0.811s] Level 1:colcon.colcon_core.package_identification:_identify(src/gazebo_sim) by extension 'ros'
[0.816s] DEBUG:colcon.colcon_core.package_identification:Package 'src/gazebo_sim' with type 'ros.catkin' and name 'gazebo_sim'
[0.816s] Level 1:colcon.colcon_core.package_identification:_identify(src/gz-cmake) by extensions ['ignore', 'ignore_ament_install']
[0.816s] Level 1:colcon.colcon_core.package_identification:_identify(src/gz-cmake) by extension 'ignore'
[0.816s] Level 1:colcon.colcon_core.package_identification:_identify(src/gz-cmake) by extension 'ignore_ament_install'
[0.816s] Level 1:colcon.colcon_core.package_identification:_identify(src/gz-cmake) by extensions ['colcon_pkg']
[0.816s] Level 1:colcon.colcon_core.package_identification:_identify(src/gz-cmake) by extension 'colcon_pkg'
[0.816s] Level 1:colcon.colcon_core.package_identification:_identify(src/gz-cmake) by extensions ['colcon_meta']
[0.816s] Level 1:colcon.colcon_core.package_identification:_identify(src/gz-cmake) by extension 'colcon_meta'
[0.816s] Level 1:colcon.colcon_core.package_identification:_identify(src/gz-cmake) by extensions ['ros']
[0.816s] Level 1:colcon.colcon_core.package_identification:_identify(src/gz-cmake) by extension 'ros'
[0.816s] Level 1:colcon.colcon_core.package_identification:_identify(src/gz-cmake) by extensions ['cmake', 'python']
[0.816s] Level 1:colcon.colcon_core.package_identification:_identify(src/gz-cmake) by extension 'cmake'
[0.836s] Level 1:colcon.colcon_core.package_identification:_identify(src/gz-cmake) by extension 'python'
[0.836s] DEBUG:colcon.colcon_core.package_identification:Package 'src/gz-cmake' with type 'cmake' and name 'ignition-cmake2'
[0.836s] Level 1:colcon.colcon_core.package_identification:_identify(src/gz-common) by extensions ['ignore', 'ignore_ament_install']
[0.837s] Level 1:colcon.colcon_core.package_identification:_identify(src/gz-common) by extension 'ignore'
[0.837s] Level 1:colcon.colcon_core.package_identification:_identify(src/gz-common) by extension 'ignore_ament_install'
[0.837s] Level 1:colcon.colcon_core.package_identification:_identify(src/gz-common) by extensions ['colcon_pkg']
[0.837s] Level 1:colcon.colcon_core.package_identification:_identify(src/gz-common) by extension 'colcon_pkg'
[0.837s] Level 1:colcon.colcon_core.package_identification:_identify(src/gz-common) by extensions ['colcon_meta']
[0.837s] Level 1:colcon.colcon_core.package_identification:_identify(src/gz-common) by extension 'colcon_meta'
[0.837s] Level 1:colcon.colcon_core.package_identification:_identify(src/gz-common) by extensions ['ros']
[0.837s] Level 1:colcon.colcon_core.package_identification:_identify(src/gz-common) by extension 'ros'
[0.837s] Level 1:colcon.colcon_core.package_identification:_identify(src/gz-common) by extensions ['cmake', 'python']
[0.837s] Level 1:colcon.colcon_core.package_identification:_identify(src/gz-common) by extension 'cmake'
[0.842s] Level 1:colcon.colcon_core.package_identification:_identify(src/gz-common) by extension 'python'
[0.842s] DEBUG:colcon.colcon_core.package_identification:Package 'src/gz-common' with type 'cmake' and name 'ignition-common3'
[0.842s] Level 1:colcon.colcon_core.package_identification:_identify(src/gz-fuel-tools) by extensions ['ignore', 'ignore_ament_install']
[0.842s] Level 1:colcon.colcon_core.package_identification:_identify(src/gz-fuel-tools) by extension 'ignore'
[0.842s] Level 1:colcon.colcon_core.package_identification:_identify(src/gz-fuel-tools) by extension 'ignore_ament_install'
[0.842s] Level 1:colcon.colcon_core.package_identification:_identify(src/gz-fuel-tools) by extensions ['colcon_pkg']
[0.842s] Level 1:colcon.colcon_core.package_identification:_identify(src/gz-fuel-tools) by extension 'colcon_pkg'
[0.842s] Level 1:colcon.colcon_core.package_identification:_identify(src/gz-fuel-tools) by extensions ['colcon_meta']
[0.842s] Level 1:colcon.colcon_core.package_identification:_identify(src/gz-fuel-tools) by extension 'colcon_meta'
[0.842s] Level 1:colcon.colcon_core.package_identification:_identify(src/gz-fuel-tools) by extensions ['ros']
[0.842s] Level 1:colcon.colcon_core.package_identification:_identify(src/gz-fuel-tools) by extension 'ros'
[0.842s] Level 1:colcon.colcon_core.package_identification:_identify(src/gz-fuel-tools) by extensions ['cmake', 'python']
[0.842s] Level 1:colcon.colcon_core.package_identification:_identify(src/gz-fuel-tools) by extension 'cmake'
[0.844s] Level 1:colcon.colcon_core.package_identification:_identify(src/gz-fuel-tools) by extension 'python'
[0.844s] DEBUG:colcon.colcon_core.package_identification:Package 'src/gz-fuel-tools' with type 'cmake' and name 'ignition-fuel_tools4'
[0.844s] Level 1:colcon.colcon_core.package_identification:_identify(src/gz-gui) by extensions ['ignore', 'ignore_ament_install']
[0.844s] Level 1:colcon.colcon_core.package_identification:_identify(src/gz-gui) by extension 'ignore'
[0.844s] Level 1:colcon.colcon_core.package_identification:_identify(src/gz-gui) by extension 'ignore_ament_install'
[0.844s] Level 1:colcon.colcon_core.package_identification:_identify(src/gz-gui) by extensions ['colcon_pkg']
[0.845s] Level 1:colcon.colcon_core.package_identification:_identify(src/gz-gui) by extension 'colcon_pkg'
[0.845s] Level 1:colcon.colcon_core.package_identification:_identify(src/gz-gui) by extensions ['colcon_meta']
[0.845s] Level 1:colcon.colcon_core.package_identification:_identify(src/gz-gui) by extension 'colcon_meta'
[0.845s] Level 1:colcon.colcon_core.package_identification:_identify(src/gz-gui) by extensions ['ros']
[0.845s] Level 1:colcon.colcon_core.package_identification:_identify(src/gz-gui) by extension 'ros'
[0.845s] Level 1:colcon.colcon_core.package_identification:_identify(src/gz-gui) by extensions ['cmake', 'python']
[0.845s] Level 1:colcon.colcon_core.package_identification:_identify(src/gz-gui) by extension 'cmake'
[0.849s] Level 1:colcon.colcon_core.package_identification:_identify(src/gz-gui) by extension 'python'
[0.849s] DEBUG:colcon.colcon_core.package_identification:Package 'src/gz-gui' with type 'cmake' and name 'ignition-gui3'
[0.849s] Level 1:colcon.colcon_core.package_identification:_identify(src/gz-launch) by extensions ['ignore', 'ignore_ament_install']
[0.849s] Level 1:colcon.colcon_core.package_identification:_identify(src/gz-launch) by extension 'ignore'
[0.849s] Level 1:colcon.colcon_core.package_identification:_identify(src/gz-launch) by extension 'ignore_ament_install'
[0.849s] Level 1:colcon.colcon_core.package_identification:_identify(src/gz-launch) by extensions ['colcon_pkg']
[0.849s] Level 1:colcon.colcon_core.package_identification:_identify(src/gz-launch) by extension 'colcon_pkg'
[0.849s] Level 1:colcon.colcon_core.package_identification:_identify(src/gz-launch) by extensions ['colcon_meta']
[0.849s] Level 1:colcon.colcon_core.package_identification:_identify(src/gz-launch) by extension 'colcon_meta'
[0.849s] Level 1:colcon.colcon_core.package_identification:_identify(src/gz-launch) by extensions ['ros']
[0.849s] Level 1:colcon.colcon_core.package_identification:_identify(src/gz-launch) by extension 'ros'
[0.849s] Level 1:colcon.colcon_core.package_identification:_identify(src/gz-launch) by extensions ['cmake', 'python']
[0.849s] Level 1:colcon.colcon_core.package_identification:_identify(src/gz-launch) by extension 'cmake'
[0.853s] Level 1:colcon.colcon_core.package_identification:_identify(src/gz-launch) by extension 'python'
[0.853s] DEBUG:colcon.colcon_core.package_identification:Package 'src/gz-launch' with type 'cmake' and name 'ignition-launch2'
[0.853s] Level 1:colcon.colcon_core.package_identification:_identify(src/gz-math) by extensions ['ignore', 'ignore_ament_install']
[0.853s] Level 1:colcon.colcon_core.package_identification:_identify(src/gz-math) by extension 'ignore'
[0.853s] Level 1:colcon.colcon_core.package_identification:_identify(src/gz-math) by extension 'ignore_ament_install'
[0.853s] Level 1:colcon.colcon_core.package_identification:_identify(src/gz-math) by extensions ['colcon_pkg']
[0.853s] Level 1:colcon.colcon_core.package_identification:_identify(src/gz-math) by extension 'colcon_pkg'
[0.853s] Level 1:colcon.colcon_core.package_identification:_identify(src/gz-math) by extensions ['colcon_meta']
[0.853s] Level 1:colcon.colcon_core.package_identification:_identify(src/gz-math) by extension 'colcon_meta'
[0.853s] Level 1:colcon.colcon_core.package_identification:_identify(src/gz-math) by extensions ['ros']
[0.854s] Level 1:colcon.colcon_core.package_identification:_identify(src/gz-math) by extension 'ros'
[0.855s] Level 1:colcon.colcon_core.package_identification:_identify(src/gz-math) by extensions ['cmake', 'python']
[0.855s] Level 1:colcon.colcon_core.package_identification:_identify(src/gz-math) by extension 'cmake'
[0.858s] Level 1:colcon.colcon_core.package_identification:_identify(src/gz-math) by extension 'python'
[0.858s] DEBUG:colcon.colcon_core.package_identification:Package 'src/gz-math' with type 'cmake' and name 'ignition-math6'
[0.858s] Level 1:colcon.colcon_core.package_identification:_identify(src/gz-msgs) by extensions ['ignore', 'ignore_ament_install']
[0.858s] Level 1:colcon.colcon_core.package_identification:_identify(src/gz-msgs) by extension 'ignore'
[0.858s] Level 1:colcon.colcon_core.package_identification:_identify(src/gz-msgs) by extension 'ignore_ament_install'
[0.858s] Level 1:colcon.colcon_core.package_identification:_identify(src/gz-msgs) by extensions ['colcon_pkg']
[0.858s] Level 1:colcon.colcon_core.package_identification:_identify(src/gz-msgs) by extension 'colcon_pkg'
[0.858s] Level 1:colcon.colcon_core.package_identification:_identify(src/gz-msgs) by extensions ['colcon_meta']
[0.858s] Level 1:colcon.colcon_core.package_identification:_identify(src/gz-msgs) by extension 'colcon_meta'
[0.858s] Level 1:colcon.colcon_core.package_identification:_identify(src/gz-msgs) by extensions ['ros']
[0.858s] Level 1:colcon.colcon_core.package_identification:_identify(src/gz-msgs) by extension 'ros'
[0.859s] Level 1:colcon.colcon_core.package_identification:_identify(src/gz-msgs) by extensions ['cmake', 'python']
[0.859s] Level 1:colcon.colcon_core.package_identification:_identify(src/gz-msgs) by extension 'cmake'
[0.862s] Level 1:colcon.colcon_core.package_identification:_identify(src/gz-msgs) by extension 'python'
[0.862s] DEBUG:colcon.colcon_core.package_identification:Package 'src/gz-msgs' with type 'cmake' and name 'ignition-msgs5'
[0.862s] Level 1:colcon.colcon_core.package_identification:_identify(src/gz-physics) by extensions ['ignore', 'ignore_ament_install']
[0.862s] Level 1:colcon.colcon_core.package_identification:_identify(src/gz-physics) by extension 'ignore'
[0.862s] Level 1:colcon.colcon_core.package_identification:_identify(src/gz-physics) by extension 'ignore_ament_install'
[0.862s] Level 1:colcon.colcon_core.package_identification:_identify(src/gz-physics) by extensions ['colcon_pkg']
[0.862s] Level 1:colcon.colcon_core.package_identification:_identify(src/gz-physics) by extension 'colcon_pkg'
[0.862s] Level 1:colcon.colcon_core.package_identification:_identify(src/gz-physics) by extensions ['colcon_meta']
[0.862s] Level 1:colcon.colcon_core.package_identification:_identify(src/gz-physics) by extension 'colcon_meta'
[0.862s] Level 1:colcon.colcon_core.package_identification:_identify(src/gz-physics) by extensions ['ros']
[0.862s] Level 1:colcon.colcon_core.package_identification:_identify(src/gz-physics) by extension 'ros'
[0.862s] Level 1:colcon.colcon_core.package_identification:_identify(src/gz-physics) by extensions ['cmake', 'python']
[0.862s] Level 1:colcon.colcon_core.package_identification:_identify(src/gz-physics) by extension 'cmake'
[0.868s] Level 1:colcon.colcon_core.package_identification:_identify(src/gz-physics) by extension 'python'
[0.868s] DEBUG:colcon.colcon_core.package_identification:Package 'src/gz-physics' with type 'cmake' and name 'ignition-physics2'
[0.868s] Level 1:colcon.colcon_core.package_identification:_identify(src/gz-plugin) by extensions ['ignore', 'ignore_ament_install']
[0.868s] Level 1:colcon.colcon_core.package_identification:_identify(src/gz-plugin) by extension 'ignore'
[0.868s] Level 1:colcon.colcon_core.package_identification:_identify(src/gz-plugin) by extension 'ignore_ament_install'
[0.868s] Level 1:colcon.colcon_core.package_identification:_identify(src/gz-plugin) by extensions ['colcon_pkg']
[0.868s] Level 1:colcon.colcon_core.package_identification:_identify(src/gz-plugin) by extension 'colcon_pkg'
[0.868s] Level 1:colcon.colcon_core.package_identification:_identify(src/gz-plugin) by extensions ['colcon_meta']
[0.868s] Level 1:colcon.colcon_core.package_identification:_identify(src/gz-plugin) by extension 'colcon_meta'
[0.868s] Level 1:colcon.colcon_core.package_identification:_identify(src/gz-plugin) by extensions ['ros']
[0.868s] Level 1:colcon.colcon_core.package_identification:_identify(src/gz-plugin) by extension 'ros'
[0.868s] Level 1:colcon.colcon_core.package_identification:_identify(src/gz-plugin) by extensions ['cmake', 'python']
[0.869s] Level 1:colcon.colcon_core.package_identification:_identify(src/gz-plugin) by extension 'cmake'
[0.872s] Level 1:colcon.colcon_core.package_identification:_identify(src/gz-plugin) by extension 'python'
[0.872s] DEBUG:colcon.colcon_core.package_identification:Package 'src/gz-plugin' with type 'cmake' and name 'ignition-plugin1'
[0.872s] Level 1:colcon.colcon_core.package_identification:_identify(src/gz-rendering) by extensions ['ignore', 'ignore_ament_install']
[0.872s] Level 1:colcon.colcon_core.package_identification:_identify(src/gz-rendering) by extension 'ignore'
[0.872s] Level 1:colcon.colcon_core.package_identification:_identify(src/gz-rendering) by extension 'ignore_ament_install'
[0.872s] Level 1:colcon.colcon_core.package_identification:_identify(src/gz-rendering) by extensions ['colcon_pkg']
[0.872s] Level 1:colcon.colcon_core.package_identification:_identify(src/gz-rendering) by extension 'colcon_pkg'
[0.872s] Level 1:colcon.colcon_core.package_identification:_identify(src/gz-rendering) by extensions ['colcon_meta']
[0.872s] Level 1:colcon.colcon_core.package_identification:_identify(src/gz-rendering) by extension 'colcon_meta'
[0.872s] Level 1:colcon.colcon_core.package_identification:_identify(src/gz-rendering) by extensions ['ros']
[0.872s] Level 1:colcon.colcon_core.package_identification:_identify(src/gz-rendering) by extension 'ros'
[0.872s] Level 1:colcon.colcon_core.package_identification:_identify(src/gz-rendering) by extensions ['cmake', 'python']
[0.872s] Level 1:colcon.colcon_core.package_identification:_identify(src/gz-rendering) by extension 'cmake'
[0.878s] Level 1:colcon.colcon_core.package_identification:_identify(src/gz-rendering) by extension 'python'
[0.878s] DEBUG:colcon.colcon_core.package_identification:Package 'src/gz-rendering' with type 'cmake' and name 'ignition-rendering3'
[0.879s] Level 1:colcon.colcon_core.package_identification:_identify(src/gz-sensors) by extensions ['ignore', 'ignore_ament_install']
[0.879s] Level 1:colcon.colcon_core.package_identification:_identify(src/gz-sensors) by extension 'ignore'
[0.879s] Level 1:colcon.colcon_core.package_identification:_identify(src/gz-sensors) by extension 'ignore_ament_install'
[0.879s] Level 1:colcon.colcon_core.package_identification:_identify(src/gz-sensors) by extensions ['colcon_pkg']
[0.879s] Level 1:colcon.colcon_core.package_identification:_identify(src/gz-sensors) by extension 'colcon_pkg'
[0.879s] Level 1:colcon.colcon_core.package_identification:_identify(src/gz-sensors) by extensions ['colcon_meta']
[0.879s] Level 1:colcon.colcon_core.package_identification:_identify(src/gz-sensors) by extension 'colcon_meta'
[0.879s] Level 1:colcon.colcon_core.package_identification:_identify(src/gz-sensors) by extensions ['ros']
[0.879s] Level 1:colcon.colcon_core.package_identification:_identify(src/gz-sensors) by extension 'ros'
[0.879s] Level 1:colcon.colcon_core.package_identification:_identify(src/gz-sensors) by extensions ['cmake', 'python']
[0.879s] Level 1:colcon.colcon_core.package_identification:_identify(src/gz-sensors) by extension 'cmake'
[0.881s] Level 1:colcon.colcon_core.package_identification:_identify(src/gz-sensors) by extension 'python'
[0.881s] DEBUG:colcon.colcon_core.package_identification:Package 'src/gz-sensors' with type 'cmake' and name 'ignition-sensors3'
[0.882s] Level 1:colcon.colcon_core.package_identification:_identify(src/gz-sim) by extensions ['ignore', 'ignore_ament_install']
[0.882s] Level 1:colcon.colcon_core.package_identification:_identify(src/gz-sim) by extension 'ignore'
[0.882s] Level 1:colcon.colcon_core.package_identification:_identify(src/gz-sim) by extension 'ignore_ament_install'
[0.882s] Level 1:colcon.colcon_core.package_identification:_identify(src/gz-sim) by extensions ['colcon_pkg']
[0.882s] Level 1:colcon.colcon_core.package_identification:_identify(src/gz-sim) by extension 'colcon_pkg'
[0.882s] Level 1:colcon.colcon_core.package_identification:_identify(src/gz-sim) by extensions ['colcon_meta']
[0.882s] Level 1:colcon.colcon_core.package_identification:_identify(src/gz-sim) by extension 'colcon_meta'
[0.882s] Level 1:colcon.colcon_core.package_identification:_identify(src/gz-sim) by extensions ['ros']
[0.882s] Level 1:colcon.colcon_core.package_identification:_identify(src/gz-sim) by extension 'ros'
[0.882s] Level 1:colcon.colcon_core.package_identification:_identify(src/gz-sim) by extensions ['cmake', 'python']
[0.882s] Level 1:colcon.colcon_core.package_identification:_identify(src/gz-sim) by extension 'cmake'
[0.891s] Level 1:colcon.colcon_core.package_identification:_identify(src/gz-sim) by extension 'python'
[0.891s] DEBUG:colcon.colcon_core.package_identification:Package 'src/gz-sim' with type 'cmake' and name 'ignition-gazebo3'
[0.891s] Level 1:colcon.colcon_core.package_identification:_identify(src/gz-tools) by extensions ['ignore', 'ignore_ament_install']
[0.891s] Level 1:colcon.colcon_core.package_identification:_identify(src/gz-tools) by extension 'ignore'
[0.891s] Level 1:colcon.colcon_core.package_identification:_identify(src/gz-tools) by extension 'ignore_ament_install'
[0.892s] Level 1:colcon.colcon_core.package_identification:_identify(src/gz-tools) by extensions ['colcon_pkg']
[0.892s] Level 1:colcon.colcon_core.package_identification:_identify(src/gz-tools) by extension 'colcon_pkg'
[0.892s] Level 1:colcon.colcon_core.package_identification:_identify(src/gz-tools) by extensions ['colcon_meta']
[0.892s] Level 1:colcon.colcon_core.package_identification:_identify(src/gz-tools) by extension 'colcon_meta'
[0.892s] Level 1:colcon.colcon_core.package_identification:_identify(src/gz-tools) by extensions ['ros']
[0.892s] Level 1:colcon.colcon_core.package_identification:_identify(src/gz-tools) by extension 'ros'
[0.892s] Level 1:colcon.colcon_core.package_identification:_identify(src/gz-tools) by extensions ['cmake', 'python']
[0.892s] Level 1:colcon.colcon_core.package_identification:_identify(src/gz-tools) by extension 'cmake'
[0.894s] Level 1:colcon.colcon_core.package_identification:_identify(src/gz-tools) by extension 'python'
[0.894s] DEBUG:colcon.colcon_core.package_identification:Package 'src/gz-tools' with type 'cmake' and name 'ignition-tools'
[0.894s] Level 1:colcon.colcon_core.package_identification:_identify(src/gz-transport) by extensions ['ignore', 'ignore_ament_install']
[0.894s] Level 1:colcon.colcon_core.package_identification:_identify(src/gz-transport) by extension 'ignore'
[0.894s] Level 1:colcon.colcon_core.package_identification:_identify(src/gz-transport) by extension 'ignore_ament_install'
[0.894s] Level 1:colcon.colcon_core.package_identification:_identify(src/gz-transport) by extensions ['colcon_pkg']
[0.894s] Level 1:colcon.colcon_core.package_identification:_identify(src/gz-transport) by extension 'colcon_pkg'
[0.894s] Level 1:colcon.colcon_core.package_identification:_identify(src/gz-transport) by extensions ['colcon_meta']
[0.894s] Level 1:colcon.colcon_core.package_identification:_identify(src/gz-transport) by extension 'colcon_meta'
[0.894s] Level 1:colcon.colcon_core.package_identification:_identify(src/gz-transport) by extensions ['ros']
[0.894s] Level 1:colcon.colcon_core.package_identification:_identify(src/gz-transport) by extension 'ros'
[0.894s] Level 1:colcon.colcon_core.package_identification:_identify(src/gz-transport) by extensions ['cmake', 'python']
[0.894s] Level 1:colcon.colcon_core.package_identification:_identify(src/gz-transport) by extension 'cmake'
[0.898s] Level 1:colcon.colcon_core.package_identification:_identify(src/gz-transport) by extension 'python'
[0.898s] DEBUG:colcon.colcon_core.package_identification:Package 'src/gz-transport' with type 'cmake' and name 'ignition-transport8'
[0.898s] Level 1:colcon.colcon_core.package_identification:_identify(src/sdformat) by extensions ['ignore', 'ignore_ament_install']
[0.898s] Level 1:colcon.colcon_core.package_identification:_identify(src/sdformat) by extension 'ignore'
[0.898s] Level 1:colcon.colcon_core.package_identification:_identify(src/sdformat) by extension 'ignore_ament_install'
[0.898s] Level 1:colcon.colcon_core.package_identification:_identify(src/sdformat) by extensions ['colcon_pkg']
[0.898s] Level 1:colcon.colcon_core.package_identification:_identify(src/sdformat) by extension 'colcon_pkg'
[0.898s] Level 1:colcon.colcon_core.package_identification:_identify(src/sdformat) by extensions ['colcon_meta']
[0.898s] Level 1:colcon.colcon_core.package_identification:_identify(src/sdformat) by extension 'colcon_meta'
[0.898s] Level 1:colcon.colcon_core.package_identification:_identify(src/sdformat) by extensions ['ros']
[0.899s] Level 1:colcon.colcon_core.package_identification:_identify(src/sdformat) by extension 'ros'
[0.899s] Level 1:colcon.colcon_core.package_identification:_identify(src/sdformat) by extensions ['cmake', 'python']
[0.899s] Level 1:colcon.colcon_core.package_identification:_identify(src/sdformat) by extension 'cmake'
[0.905s] Level 1:colcon.colcon_core.package_identification:_identify(src/sdformat) by extension 'python'
[0.905s] DEBUG:colcon.colcon_core.package_identification:Package 'src/sdformat' with type 'cmake' and name 'sdformat9'
[0.905s] Level 1:colcon.colcon_core.package_discovery:discover_packages(recursive) using defaults
[0.905s] Level 1:colcon.colcon_core.package_discovery:discover_packages(ignore) discover
[0.905s] Level 1:colcon.colcon_core.package_discovery:discover_packages(ignore) using defaults
[0.905s] Level 1:colcon.colcon_core.package_discovery:discover_packages(path) discover
[0.905s] Level 1:colcon.colcon_core.package_discovery:discover_packages(path) using defaults
